{"message":"isPrivate is required","level":"error"}
{"message":"Recipe with id 2 created.","level":"info"}
{"message":"Recipe with id 2 deleted.","level":"info"}
{"message":"Recipe with id 3 created.","level":"info"}
{"message":"Recipe with id 2 deleted.","level":"info"}
{"message":"Recipe with id 2 deleted.","level":"info"}
{"message":"Recipe with id 1 created.","level":"info"}
{"message":"title is required","level":"error"}
{"message":"description is required","level":"error"}
{"message":"ingredients is required","level":"error"}
{"message":"instructions is required","level":"error"}
{"message":"meal_type is required","level":"error"}
{"message":"is_private is required","level":"error"}
{"message":"Recipe with id 1 created.","level":"info"}
{"message":"Recipe with id 1 created.","level":"info"}
{"message":"title is required","level":"error"}
{"message":"description is required","level":"error"}
{"message":"ingredients is required","level":"error"}
{"message":"instructions is required","level":"error"}
{"message":"meal_type is required","level":"error"}
{"message":"is_private is required","level":"error"}
{"message":"Recipe with id 1 created.","level":"info"}
{"message":"Recipe with id 1 created.","level":"info"}
{"message":"title is required","level":"error"}
{"message":"description is required","level":"error"}
{"message":"ingredients is required","level":"error"}
{"message":"instructions is required","level":"error"}
{"message":"meal_type is required","level":"error"}
{"message":"is_private is required","level":"error"}
{"message":"Recipe with id 1 created.","level":"info"}
{"message":"Recipe with id 1 created.","level":"info"}
{"message":"title is required","level":"error"}
{"message":"description is required","level":"error"}
{"message":"ingredients is required","level":"error"}
{"message":"instructions is required","level":"error"}
{"message":"meal_type is required","level":"error"}
{"message":"is_private is required","level":"error"}
{"message":"Recipe with id 1 created.","level":"info"}
{"message":"Recipe with id 1 created.","level":"info"}
{"message":"title is required","level":"error"}
{"message":"description is required","level":"error"}
{"message":"ingredients is required","level":"error"}
{"message":"instructions is required","level":"error"}
{"message":"meal_type is required","level":"error"}
{"message":"is_private is required","level":"error"}
{"message":"Invalid update without required fields","level":"error"}
{"message":"Invalid update without required fields","level":"error"}
{"message":"Invalid update without required fields","level":"error"}
{"message":"Invalid update without required fields","level":"error"}
{"message":"Invalid update without required fields","level":"error"}
{"message":"Invalid update without required fields","level":"error"}
{"message":"Recipe with id 1 created.","level":"info"}
{"message":"title is required","level":"error"}
{"message":"description is required","level":"error"}
{"message":"ingredients is required","level":"error"}
{"message":"instructions is required","level":"error"}
{"message":"meal_type is required","level":"error"}
{"message":"is_private is required","level":"error"}
{"message":"Invalid update without required fields","level":"error"}
{"message":"Recipe with id 1 created.","level":"info"}
{"message":"title is required","level":"error"}
{"message":"description is required","level":"error"}
{"message":"ingredients is required","level":"error"}
{"message":"instructions is required","level":"error"}
{"message":"meal_type is required","level":"error"}
{"message":"is_private is required","level":"error"}
{"message":"Recipe with id 1 created.","level":"info"}
{"message":"title is required","level":"error"}
{"message":"description is required","level":"error"}
{"message":"ingredients is required","level":"error"}
{"message":"instructions is required","level":"error"}
{"message":"meal_type is required","level":"error"}
{"message":"is_private is required","level":"error"}
{"message":"user_id is required","level":"error"}
{"message":"user_id is required","level":"error"}
{"message":"title is required","level":"error"}
{"message":"description is required","level":"error"}
{"message":"ingredients is required","level":"error"}
{"message":"instructions is required","level":"error"}
{"message":"meal_type is required","level":"error"}
{"message":"is_private is required","level":"error"}
{"message":"user_id is required","level":"error"}
{"message":"title is required","level":"error"}
{"message":"description is required","level":"error"}
{"message":"ingredients is required","level":"error"}
{"message":"instructions is required","level":"error"}
{"message":"meal_type is required","level":"error"}
{"message":"is_private is required","level":"error"}
{"message":"Recipe with id 1 created.","level":"info"}
{"message":"title is required","level":"error"}
{"message":"description is required","level":"error"}
{"message":"ingredients is required","level":"error"}
{"message":"instructions is required","level":"error"}
{"message":"meal_type is required","level":"error"}
{"message":"is_private is required","level":"error"}
{"message":"Recipe with id 1 created.","level":"info"}
{"message":"title is required","level":"error"}
{"message":"description is required","level":"error"}
{"message":"ingredients is required","level":"error"}
{"message":"instructions is required","level":"error"}
{"message":"meal_type is required","level":"error"}
{"message":"is_private is required","level":"error"}
{"message":"title is required","level":"error"}
{"message":"Recipe with id 5 created.","level":"info"}
{"message":"Recipe with id 6 created.","level":"info"}
{"message":"Recipe with id 1 created.","level":"info"}
{"message":"Recipe with id 2 created.","level":"info"}
{"message":"Recipe with id 3 created.","level":"info"}
{"message":"Recipe with id 4 created.","level":"info"}
{"message":"Recipe with id 5 created.","level":"info"}
{"message":"Recipe with id 1 created.","level":"info"}
{"message":"Recipe with id 2 created.","level":"info"}
{"message":"Recipe with id 1 created.","level":"info"}
{"message":"title is required","level":"error"}
{"message":"description is required","level":"error"}
{"message":"ingredients is required","level":"error"}
{"message":"instructions is required","level":"error"}
{"message":"meal_type is required","level":"error"}
{"message":"is_private is required","level":"error"}
{"message":"Recipe with id 2 deleted.","level":"info"}
{"message":"Recipe with id 1 created.","level":"info"}
{"message":"title is required","level":"error"}
{"message":"description is required","level":"error"}
{"message":"ingredients is required","level":"error"}
{"message":"instructions is required","level":"error"}
{"message":"meal_type is required","level":"error"}
{"message":"is_private is required","level":"error"}
{"message":"Invalid update without required fields","level":"error"}
{"message":"Recipe with id 2 deleted.","level":"info"}
{"message":"Recipe with id 1 created.","level":"info"}
{"message":"title is required","level":"error"}
{"message":"description is required","level":"error"}
{"message":"ingredients is required","level":"error"}
{"message":"instructions is required","level":"error"}
{"message":"meal_type is required","level":"error"}
{"message":"is_private is required","level":"error"}
{"message":"Invalid update without required fields","level":"error"}
{"message":"Recipe with id 2 deleted.","level":"info"}
{"message":"Recipe with id 1 created.","level":"info"}
{"message":"title is required","level":"error"}
{"message":"description is required","level":"error"}
{"message":"ingredients is required","level":"error"}
{"message":"instructions is required","level":"error"}
{"message":"meal_type is required","level":"error"}
{"message":"is_private is required","level":"error"}
{"message":"Invalid update without required fields","level":"error"}
{"message":"Recipe with id 2 deleted.","level":"info"}
{"message":"Recipe with id 1 created.","level":"info"}
{"message":"title is required","level":"error"}
{"message":"description is required","level":"error"}
{"message":"ingredients is required","level":"error"}
{"message":"instructions is required","level":"error"}
{"message":"meal_type is required","level":"error"}
{"message":"is_private is required","level":"error"}
{"message":"Invalid update without required fields","level":"error"}
{"message":"Recipe with id 2 deleted.","level":"info"}
{"message":"Recipe with id 1 created.","level":"info"}
{"message":"title is required","level":"error"}
{"message":"description is required","level":"error"}
{"message":"ingredients is required","level":"error"}
{"message":"instructions is required","level":"error"}
{"message":"meal_type is required","level":"error"}
{"message":"is_private is required","level":"error"}
{"message":"Invalid update without required fields","level":"error"}
{"message":"Recipe with id 2 deleted.","level":"info"}
{"message":"Recipe with id 1 created.","level":"info"}
{"message":"title is required","level":"error"}
{"message":"description is required","level":"error"}
{"message":"ingredients is required","level":"error"}
{"message":"instructions is required","level":"error"}
{"message":"meal_type is required","level":"error"}
{"message":"is_private is required","level":"error"}
{"message":"Invalid update without required fields","level":"error"}
{"message":"Recipe with id 3 created.","level":"info"}
{"message":"Recipe with id 3 deleted.","level":"info"}
{"message":"Recipe with id 4 created.","level":"info"}
{"message":"Recipe with id 5 created.","level":"info"}
{"message":"Recipe with id 6 created.","level":"info"}
{"message":"Recipe with id 7 created.","level":"info"}
{"message":"Recipe with id 1 created.","level":"info"}
{"message":"Recipe with id 1 deleted.","level":"info"}
{"message":"Recipe with id 2 created.","level":"info"}
{"message":"Recipe with id 2 deleted.","level":"info"}
{"message":"Recipe with id 3 created.","level":"info"}
{"message":"Recipe with id 4 created.","level":"info"}
{"message":"Recipe with id 3 deleted.","level":"info"}
{"message":"Recipe with id 5 created.","level":"info"}
{"message":"Recipe with id 4 deleted.","level":"info"}
{"message":"Recipe with id 7 created.","level":"info"}
{"message":"Recipe with id 5 deleted.","level":"info"}
{"message":"Recipe with id 7 deleted.","level":"info"}
{"message":"Recipe with id 8 created.","level":"info"}
{"message":"Recipe with id 8 deleted.","level":"info"}
{"message":"Recipe with id 9 created.","level":"info"}
{"message":"Recipe with id 9 deleted.","level":"info"}
{"message":"Recipe with id 10 created.","level":"info"}
{"message":"Recipe with id 10 deleted.","level":"info"}
